#
# There is insufficient memory for the Java Runtime Environment to continue.
# Native memory allocation (malloc) failed to allocate 2194256 bytes for Chunk::new
# Possible reasons:
#   The system is out of physical RAM or swap space
#   In 32 bit mode, the process size limit was hit
# Possible solutions:
#   Reduce memory load on the system
#   Increase physical memory or swap space
#   Check if swap backing store is full
#   Use 64 bit Java on a 64 bit OS
#   Decrease Java heap size (-Xmx/-Xms)
#   Decrease number of Java threads
#   Decrease Java thread stack sizes (-Xss)
#   Set larger code cache with -XX:ReservedCodeCacheSize=
# This output file may be truncated or incomplete.
#
#  Out of Memory Error (allocation.cpp:390), pid=8692, tid=0x00000000000021cc
#
# JRE version: OpenJDK Runtime Environment (8.0_112-b06) (build 1.8.0_112-release-b06)
# Java VM: OpenJDK 64-Bit Server VM (25.112-b06 mixed mode windows-amd64 compressed oops)
# Failed to write core dump. Minidumps are not enabled by default on client versions of Windows
#

---------------  T H R E A D  ---------------

Current thread (0x0000000018039000):  JavaThread "C2 CompilerThread1" daemon [_thread_in_native, id=8652, stack(0x00000000198b0000,0x00000000199b0000)]

Stack: [0x00000000198b0000,0x00000000199b0000]
[error occurred during error reporting (printing stack bounds), id 0xc0000005]

Native frames: (J=compiled Java code, j=interpreted, Vv=VM code, C=native code)


Current CompileTask:
C2:   8477 1375   !   4       java.net.URLClassLoader$1::run (63 bytes)


---------------  P R O C E S S  ---------------

Java Threads: ( => current thread )
  0x0000000019c25800 JavaThread "Stdin handler" [_thread_blocked, id=3416, stack(0x000000001c820000,0x000000001c920000)]
  0x0000000019c21000 JavaThread "Asynchronous log dispatcher for DefaultDaemonConnection: socket connection from /127.0.0.1:54364 to /127.0.0.1:54365" [_thread_blocked, id=7028, stack(0x000000001c720000,0x000000001c820000)]
  0x000000001a48a800 JavaThread "Daemon worker" [_thread_in_native, id=14448, stack(0x000000001c620000,0x000000001c720000)]
  0x000000001a486000 JavaThread "Cancel handler" [_thread_blocked, id=10640, stack(0x000000001c520000,0x000000001c620000)]
  0x000000001a477800 JavaThread "pool-1-thread-1" [_thread_blocked, id=15616, stack(0x000000001c420000,0x000000001c520000)]
  0x0000000019cf9000 JavaThread "Handler for socket connection from /127.0.0.1:54364 to /127.0.0.1:54365" [_thread_in_native, id=14172, stack(0x000000001c320000,0x000000001c420000)]
  0x0000000019cf8000 JavaThread "Daemon" [_thread_blocked, id=9916, stack(0x000000001c220000,0x000000001c320000)]
  0x000000001acba800 JavaThread "Incoming local TCP Connector on port 54364" [_thread_in_native, id=13252, stack(0x000000001bde0000,0x000000001bee0000)]
  0x0000000019acd000 JavaThread "Service Thread" daemon [_thread_blocked, id=14896, stack(0x0000000019eb0000,0x0000000019fb0000)]
  0x000000001803e000 JavaThread "C1 CompilerThread2" daemon [_thread_blocked, id=1216, stack(0x00000000199b0000,0x0000000019ab0000)]
=>0x0000000018039000 JavaThread "C2 CompilerThread1" daemon [_thread_in_native, id=8652, stack(0x00000000198b0000,0x00000000199b0000)]
  0x0000000018048800 JavaThread "C2 CompilerThread0" daemon [_thread_in_native, id=9288, stack(0x00000000197b0000,0x00000000198b0000)]
  0x0000000018047000 JavaThread "Attach Listener" daemon [_thread_blocked, id=12612, stack(0x00000000196b0000,0x00000000197b0000)]
  0x0000000018045800 JavaThread "Signal Dispatcher" daemon [_thread_blocked, id=3212, stack(0x00000000195b0000,0x00000000196b0000)]
  0x0000000018028800 JavaThread "Finalizer" daemon [_thread_blocked, id=8884, stack(0x00000000192b0000,0x00000000193b0000)]
  0x00000000046c0800 JavaThread "Reference Handler" daemon [_thread_blocked, id=8768, stack(0x00000000191b0000,0x00000000192b0000)]
  0x00000000045d1000 JavaThread "main" [_thread_blocked, id=6384, stack(0x00000000044d0000,0x00000000045d0000)]

Other Threads:
  0x0000000018004800 VMThread [stack: 0x00000000190b0000,0x00000000191b0000] [id=12456]
  0x0000000019acd800 WatcherThread [stack: 0x0000000019fb0000,0x000000001a0b0000] [id=1120]

VM state:not at safepoint (normal execution)

VM Mutex/Monitor currently owned by a thread: None

Heap:
 PSYoungGen      total 38400K, used 32629K [0x00000000e0000000, 0x00000000e2a80000, 0x0000000100000000)
  eden space 33280K, 82% used [0x00000000e0000000,0x00000000e1ae24b0,0x00000000e2080000)
  from space 5120K, 99% used [0x00000000e2580000,0x00000000e2a7b330,0x00000000e2a80000)
  to   space 5120K, 0% used [0x00000000e2080000,0x00000000e2080000,0x00000000e2580000)
 ParOldGen       total 87552K, used 823K [0x00000000a0000000, 0x00000000a5580000, 0x00000000e0000000)
  object space 87552K, 0% used [0x00000000a0000000,0x00000000a00cdff8,0x00000000a5580000)
 Metaspace       used 15882K, capacity 16198K, committed 16512K, reserved 1062912K
  class space    used 2198K, capacity 2318K, committed 2432K, reserved 1048576K

Card table byte_map: [0x0000000013a90000,0x0000000013da0000] byte_map_base: 0x0000000013590000

Marking Bits: (ParMarkBitMap*) 0x000000006abe18f0
 Begin Bits: [0x00000000143a0000, 0x0000000015ba0000)
 End Bits:   [0x0000000015ba0000, 0x00000000173a0000)

Polling page: 0x00000000005b0000

CodeCache: size=245760Kb used=5083Kb max_used=5083Kb free=240676Kb
 bounds [0x00000000046d0000, 0x0000000004bd0000, 0x00000000136d0000]
 total_blobs=1817 nmethods=1428 adapters=302
 compilation: enabled

Compilation events (10 events):
Event: 8.387 Thread 0x000000001803e000 1427       3       org.gradle.internal.service.DefaultServiceRegistry$DefaultLookupContext$4::apply (13 bytes)
Event: 8.388 Thread 0x000000001803e000 nmethod 1427 0x0000000004bc5110 code [0x0000000004bc52a0, 0x0000000004bc57a8]
Event: 8.388 Thread 0x000000001803e000 1428       3       org.gradle.internal.service.DefaultServiceRegistry$DefaultLookupContext$4::apply (12 bytes)
Event: 8.388 Thread 0x000000001803e000 nmethod 1428 0x0000000004bc5910 code [0x0000000004bc5a80, 0x0000000004bc5ca8]
Event: 8.409 Thread 0x000000001803e000 1429       3       sun.misc.ProxyGenerator$ConstantPool::getFieldRef (33 bytes)
Event: 8.410 Thread 0x000000001803e000 nmethod 1429 0x0000000004bc5d90 code [0x0000000004bc6020, 0x0000000004bc6dc8]
Event: 8.413 Thread 0x000000001803e000 1430       3       java.lang.Class$MethodArray::<init> (38 bytes)
Event: 8.414 Thread 0x000000001803e000 nmethod 1430 0x0000000004bc78d0 code [0x0000000004bc7a40, 0x0000000004bc7da8]
Event: 8.414 Thread 0x000000001803e000 1431       3       org.gradle.internal.service.DefaultServiceRegistry$CachingProvider::getService (47 bytes)
Event: 8.415 Thread 0x000000001803e000 nmethod 1431 0x0000000004bc7ed0 code [0x0000000004bc80e0, 0x0000000004bc8c58]

GC Heap History (4 events):
Event: 2.657 GC heap before
{Heap before GC invocations=1 (full 0):
 PSYoungGen      total 38400K, used 33280K [0x00000000e0000000, 0x00000000e2a80000, 0x0000000100000000)
  eden space 33280K, 100% used [0x00000000e0000000,0x00000000e2080000,0x00000000e2080000)
  from space 5120K, 0% used [0x00000000e2580000,0x00000000e2580000,0x00000000e2a80000)
  to   space 5120K, 0% used [0x00000000e2080000,0x00000000e2080000,0x00000000e2580000)
 ParOldGen       total 87552K, used 0K [0x00000000a0000000, 0x00000000a5580000, 0x00000000e0000000)
  object space 87552K, 0% used [0x00000000a0000000,0x00000000a0000000,0x00000000a5580000)
 Metaspace       used 6796K, capacity 6952K, committed 7040K, reserved 1056768K
  class space    used 832K, capacity 888K, committed 896K, reserved 1048576K
Event: 2.669 GC heap after
Heap after GC invocations=1 (full 0):
 PSYoungGen      total 38400K, used 4237K [0x00000000e0000000, 0x00000000e2a80000, 0x0000000100000000)
  eden space 33280K, 0% used [0x00000000e0000000,0x00000000e0000000,0x00000000e2080000)
  from space 5120K, 82% used [0x00000000e2080000,0x00000000e24a3668,0x00000000e2580000)
  to   space 5120K, 0% used [0x00000000e2580000,0x00000000e2580000,0x00000000e2a80000)
 ParOldGen       total 87552K, used 8K [0x00000000a0000000, 0x00000000a5580000, 0x00000000e0000000)
  object space 87552K, 0% used [0x00000000a0000000,0x00000000a0002000,0x00000000a5580000)
 Metaspace       used 6796K, capacity 6952K, committed 7040K, reserved 1056768K
  class space    used 832K, capacity 888K, committed 896K, reserved 1048576K
}
Event: 6.909 GC heap before
{Heap before GC invocations=2 (full 0):
 PSYoungGen      total 38400K, used 37517K [0x00000000e0000000, 0x00000000e2a80000, 0x0000000100000000)
  eden space 33280K, 100% used [0x00000000e0000000,0x00000000e2080000,0x00000000e2080000)
  from space 5120K, 82% used [0x00000000e2080000,0x00000000e24a3668,0x00000000e2580000)
  to   space 5120K, 0% used [0x00000000e2580000,0x00000000e2580000,0x00000000e2a80000)
 ParOldGen       total 87552K, used 8K [0x00000000a0000000, 0x00000000a5580000, 0x00000000e0000000)
  object space 87552K, 0% used [0x00000000a0000000,0x00000000a0002000,0x00000000a5580000)
 Metaspace       used 13135K, capacity 13446K, committed 13696K, reserved 1060864K
  class space    used 1747K, capacity 1870K, committed 1920K, reserved 1048576K
Event: 6.958 GC heap after
Heap after GC invocations=2 (full 0):
 PSYoungGen      total 38400K, used 5100K [0x00000000e0000000, 0x00000000e2a80000, 0x0000000100000000)
  eden space 33280K, 0% used [0x00000000e0000000,0x00000000e0000000,0x00000000e2080000)
  from space 5120K, 99% used [0x00000000e2580000,0x00000000e2a7b330,0x00000000e2a80000)
  to   space 5120K, 0% used [0x00000000e2080000,0x00000000e2080000,0x00000000e2580000)
 ParOldGen       total 87552K, used 823K [0x00000000a0000000, 0x00000000a5580000, 0x00000000e0000000)
  object space 87552K, 0% used [0x00000000a0000000,0x00000000a00cdff8,0x00000000a5580000)
 Metaspace       used 13135K, capacity 13446K, committed 13696K, reserved 1060864K
  class space    used 1747K, capacity 1870K, committed 1920K, reserved 1048576K
}

Deoptimization events (10 events):
Event: 6.418 Thread 0x00000000045d1000 Uncommon trap: reason=unstable_if action=reinterpret pc=0x000000000490c818 method=java.lang.String$CaseInsensitiveComparator.compare(Ljava/lang/String;Ljava/lang/String;)I @ 26
Event: 6.447 Thread 0x00000000045d1000 Uncommon trap: reason=unstable_if action=reinterpret pc=0x000000000496a930 method=java.util.LinkedHashMap.afterNodeInsertion(Z)V @ 1
Event: 6.497 Thread 0x00000000045d1000 Uncommon trap: reason=unstable_if action=reinterpret pc=0x00000000049273a8 method=sun.misc.MetaIndex.mayContain(Ljava/lang/String;)Z @ 38
Event: 6.705 Thread 0x000000001a48a800 Uncommon trap: reason=bimorphic action=maybe_recompile pc=0x0000000004a25b10 method=java.util.HashMap.putVal(ILjava/lang/Object;Ljava/lang/Object;ZZ)Ljava/lang/Object; @ 253
Event: 6.705 Thread 0x000000001a48a800 Uncommon trap: reason=bimorphic action=maybe_recompile pc=0x0000000004a25b10 method=java.util.HashMap.putVal(ILjava/lang/Object;Ljava/lang/Object;ZZ)Ljava/lang/Object; @ 253
Event: 6.706 Thread 0x000000001a48a800 Uncommon trap: reason=bimorphic action=maybe_recompile pc=0x0000000004a268c0 method=java.util.HashMap.putVal(ILjava/lang/Object;Ljava/lang/Object;ZZ)Ljava/lang/Object; @ 253
Event: 7.390 Thread 0x000000001a48a800 Uncommon trap: reason=class_check action=maybe_recompile pc=0x000000000493ff5c method=java.util.regex.Matcher.match(II)Z @ 86
Event: 7.392 Thread 0x000000001a48a800 Uncommon trap: reason=class_check action=maybe_recompile pc=0x000000000493ff5c method=java.util.regex.Matcher.match(II)Z @ 86
Event: 8.368 Thread 0x000000001a48a800 Uncommon trap: reason=unstable_if action=reinterpret pc=0x00000000048252c8 method=java.net.URI.match(CJJ)Z @ 19
Event: 8.368 Thread 0x000000001a48a800 Uncommon trap: reason=unstable_if action=reinterpret pc=0x000000000496fe00 method=java.net.URI.match(CJJ)Z @ 19

Internal exceptions (10 events):
Event: 6.541 Thread 0x0000000019cf9000 Exception <a 'java/lang/NoSuchMethodError': <clinit>> (0x00000000e1918ad0) thrown at [C:\src\android\AOSP-openjdk\external\jetbrains\jdk\hotspot\src\share\vm\prims\jni.cpp, line 1613]
Event: 6.550 Thread 0x0000000019cf9000 Exception <a 'java/lang/NoSuchMethodError': <clinit>> (0x00000000e1930670) thrown at [C:\src\android\AOSP-openjdk\external\jetbrains\jdk\hotspot\src\share\vm\prims\jni.cpp, line 1613]
Event: 6.553 Thread 0x0000000019cf9000 Exception <a 'java/lang/NoSuchMethodError': <clinit>> (0x00000000e19390f8) thrown at [C:\src\android\AOSP-openjdk\external\jetbrains\jdk\hotspot\src\share\vm\prims\jni.cpp, line 1613]
Event: 6.556 Thread 0x0000000019cf9000 Exception <a 'java/lang/NoSuchMethodError': <clinit>> (0x00000000e194a758) thrown at [C:\src\android\AOSP-openjdk\external\jetbrains\jdk\hotspot\src\share\vm\prims\jni.cpp, line 1613]
Event: 6.604 Thread 0x0000000019cf9000 Exception <a 'java/lang/NoSuchMethodError': <clinit>> (0x00000000e19c5fd0) thrown at [C:\src\android\AOSP-openjdk\external\jetbrains\jdk\hotspot\src\share\vm\prims\jni.cpp, line 1613]
Event: 6.608 Thread 0x0000000019cf9000 Exception <a 'java/lang/NoSuchMethodError': <clinit>> (0x00000000e19d66f0) thrown at [C:\src\android\AOSP-openjdk\external\jetbrains\jdk\hotspot\src\share\vm\prims\jni.cpp, line 1613]
Event: 6.630 Thread 0x0000000019cf9000 Exception <a 'java/lang/NoSuchMethodError': <clinit>> (0x00000000e19f98b0) thrown at [C:\src\android\AOSP-openjdk\external\jetbrains\jdk\hotspot\src\share\vm\prims\jni.cpp, line 1613]
Event: 6.690 Thread 0x000000001a48a800 Exception <a 'java/lang/NoSuchMethodError': <clinit>> (0x00000000e1b199b0) thrown at [C:\src\android\AOSP-openjdk\external\jetbrains\jdk\hotspot\src\share\vm\prims\jni.cpp, line 1613]
Event: 6.692 Thread 0x000000001a48a800 Exception <a 'java/lang/NoSuchMethodError': <clinit>> (0x00000000e1b21c38) thrown at [C:\src\android\AOSP-openjdk\external\jetbrains\jdk\hotspot\src\share\vm\prims\jni.cpp, line 1613]
Event: 6.767 Thread 0x000000001a48a800 Exception <a 'java/lang/ArrayIndexOutOfBoundsException'> (0x00000000e1d71a70) thrown at [C:\src\android\AOSP-openjdk\external\jetbrains\jdk\hotspot\src\share\vm\runtime\sharedRuntime.cpp, line 605]

Events (10 events):
Event: 8.457 loading class org/gradle/internal/progress/BuildOperationDetails$Builder
Event: 8.457 loading class org/gradle/internal/progress/BuildOperationDetails$Builder done
Event: 8.457 loading class org/gradle/internal/Transformers
Event: 8.457 loading class org/gradle/internal/Transformers done
Event: 8.458 loading class org/gradle/internal/Transformers$4
Event: 8.458 loading class org/gradle/internal/Transformers$4 done
Event: 8.460 loading class org/gradle/internal/logging/events/OperationIdentifier
Event: 8.460 loading class org/gradle/internal/logging/events/OperationIdentifier done
Event: 8.460 loading class org/gradle/internal/progress/DefaultBuildOperationExecutor$OperationDetails
Event: 8.460 loading class org/gradle/internal/progress/DefaultBuildOperationExecutor$OperationDetails done


Dynamic libraries:
0x00007ff634370000 - 0x00007ff6343a1000 	C:\Program Files\Android\Android Studio\jre\bin\java.exe
0x00007ffc9f440000 - 0x00007ffc9f620000 	C:\WINDOWS\SYSTEM32\ntdll.dll
0x00007ffc9c920000 - 0x00007ffc9c9ce000 	C:\WINDOWS\System32\KERNEL32.DLL
0x00007ffc9c3d0000 - 0x00007ffc9c636000 	C:\WINDOWS\System32\KERNELBASE.dll
0x00007ffc9cd70000 - 0x00007ffc9ce11000 	C:\WINDOWS\System32\ADVAPI32.dll
0x00007ffc9c9d0000 - 0x00007ffc9ca6d000 	C:\WINDOWS\System32\msvcrt.dll
0x00007ffc9cb10000 - 0x00007ffc9cb6b000 	C:\WINDOWS\System32\sechost.dll
0x00007ffc9e4e0000 - 0x00007ffc9e5ff000 	C:\WINDOWS\System32\RPCRT4.dll
0x00007ffc9e910000 - 0x00007ffc9ea9f000 	C:\WINDOWS\System32\USER32.dll
0x00007ffc9b9f0000 - 0x00007ffc9ba10000 	C:\WINDOWS\System32\win32u.dll
0x00007ffc9cb70000 - 0x00007ffc9cb98000 	C:\WINDOWS\System32\GDI32.dll
0x00007ffc9c6c0000 - 0x00007ffc9c853000 	C:\WINDOWS\System32\gdi32full.dll
0x00007ffc9c160000 - 0x00007ffc9c1fb000 	C:\WINDOWS\System32\msvcp_win.dll
0x00007ffc9b8f0000 - 0x00007ffc9b9e6000 	C:\WINDOWS\System32\ucrtbase.dll
0x00007ffc90300000 - 0x00007ffc90569000 	C:\WINDOWS\WinSxS\amd64_microsoft.windows.common-controls_6595b64144ccf1df_6.0.16299.309_none_15cfd4c4935e6b11\COMCTL32.dll
0x00007ffc9e600000 - 0x00007ffc9e908000 	C:\WINDOWS\System32\combase.dll
0x00007ffc9c640000 - 0x00007ffc9c6b2000 	C:\WINDOWS\System32\bcryptPrimitives.dll
0x00007ffc9cd40000 - 0x00007ffc9cd6d000 	C:\WINDOWS\System32\IMM32.DLL
0x000000006a340000 - 0x000000006a412000 	C:\Program Files\Android\Android Studio\jre\jre\bin\msvcr100.dll
0x000000006a420000 - 0x000000006ac5c000 	C:\Program Files\Android\Android Studio\jre\jre\bin\server\jvm.dll
0x00007ffc9f220000 - 0x00007ffc9f228000 	C:\WINDOWS\System32\PSAPI.DLL
0x00007ffc97ba0000 - 0x00007ffc97ba9000 	C:\WINDOWS\SYSTEM32\WSOCK32.dll
0x00007ffc9eaa0000 - 0x00007ffc9eb0c000 	C:\WINDOWS\System32\WS2_32.dll
0x00007ffc98810000 - 0x00007ffc98833000 	C:\WINDOWS\SYSTEM32\WINMM.dll
0x00007ffc94e50000 - 0x00007ffc94e5a000 	C:\WINDOWS\SYSTEM32\VERSION.dll
0x00007ffc98700000 - 0x00007ffc9872a000 	C:\WINDOWS\SYSTEM32\WINMMBASE.dll
0x00007ffc9c8c0000 - 0x00007ffc9c90a000 	C:\WINDOWS\System32\cfgmgr32.dll
0x00007ffc94570000 - 0x00007ffc9457f000 	C:\Program Files\Android\Android Studio\jre\jre\bin\verify.dll
0x00007ffc92b50000 - 0x00007ffc92b79000 	C:\Program Files\Android\Android Studio\jre\jre\bin\java.dll
0x00007ffc92b10000 - 0x00007ffc92b26000 	C:\Program Files\Android\Android Studio\jre\jre\bin\zip.dll
0x00007ffc9d0a0000 - 0x00007ffc9e4d6000 	C:\WINDOWS\System32\SHELL32.dll
0x00007ffc9cff0000 - 0x00007ffc9d096000 	C:\WINDOWS\System32\shcore.dll
0x00007ffc9ba10000 - 0x00007ffc9c157000 	C:\WINDOWS\System32\windows.storage.dll
0x00007ffc9ebe0000 - 0x00007ffc9ec31000 	C:\WINDOWS\System32\shlwapi.dll
0x00007ffc9b7b0000 - 0x00007ffc9b7c1000 	C:\WINDOWS\System32\kernel.appcore.dll
0x00007ffc9b7d0000 - 0x00007ffc9b81c000 	C:\WINDOWS\System32\powrprof.dll
0x00007ffc9b790000 - 0x00007ffc9b7ab000 	C:\WINDOWS\System32\profapi.dll
0x00007ffc8ddd0000 - 0x00007ffc8ddea000 	C:\Program Files\Android\Android Studio\jre\jre\bin\net.dll
0x00007ffc9b020000 - 0x00007ffc9b086000 	C:\WINDOWS\system32\mswsock.dll
0x00007ffc8d200000 - 0x00007ffc8d211000 	C:\Program Files\Android\Android Studio\jre\jre\bin\nio.dll
0x00007ffc87070000 - 0x00007ffc8708e000 	C:\Users\LaVanDuc\.gradle\native\23\windows-amd64\native-platform.dll
0x00007ffc9b1e0000 - 0x00007ffc9b1f7000 	C:\WINDOWS\SYSTEM32\CRYPTSP.dll
0x00007ffc9abc0000 - 0x00007ffc9abf3000 	C:\WINDOWS\system32\rsaenh.dll
0x00007ffc9b2f0000 - 0x00007ffc9b315000 	C:\WINDOWS\SYSTEM32\bcrypt.dll
0x00007ffc9b6c0000 - 0x00007ffc9b6e9000 	C:\WINDOWS\SYSTEM32\USERENV.dll
0x00007ffc9b200000 - 0x00007ffc9b20b000 	C:\WINDOWS\SYSTEM32\CRYPTBASE.dll
0x00007ffc9ad50000 - 0x00007ffc9ad89000 	C:\WINDOWS\SYSTEM32\IPHLPAPI.DLL
0x00007ffc9f400000 - 0x00007ffc9f408000 	C:\WINDOWS\System32\NSI.dll
0x00007ffc966d0000 - 0x00007ffc966e6000 	C:\WINDOWS\SYSTEM32\dhcpcsvc6.DLL
0x00007ffc966b0000 - 0x00007ffc966ca000 	C:\WINDOWS\SYSTEM32\dhcpcsvc.DLL
0x00007ffc93280000 - 0x00007ffc9328d000 	C:\Program Files\Android\Android Studio\jre\jre\bin\management.dll

VM Arguments:
jvm_args: -Xmx1536m -Dfile.encoding=windows-1252 -Duser.country=US -Duser.language=en -Duser.variant 
java_command: org.gradle.launcher.daemon.bootstrap.GradleDaemon 3.3
java_class_path (initial): C:\Users\LaVanDuc\.gradle\wrapper\dists\gradle-3.3-all\55gk2rcmfc6p2dg9u9ohc3hw9\gradle-3.3\lib\gradle-launcher-3.3.jar
Launcher Type: SUN_STANDARD

Environment Variables:
JAVA_HOME=C:\Program Files\Java\jdk1.8.0_101
PATH=C:\ProgramData\Oracle\Java\javapath;C:\WINDOWS\system32;C:\WINDOWS;C:\WINDOWS\System32\Wbem;C:\WINDOWS\System32\WindowsPowerShell\v1.0\;C:\Program Files\Microsoft SQL Server\130\Tools\Binn\;C:\Program Files\dotnet\;C:\Program Files\Microsoft SQL Server\Client SDK\ODBC\130\Tools\Binn\;C:\Program Files (x86)\Microsoft SQL Server\140\Tools\Binn\;C:\Program Files\Microsoft SQL Server\140\Tools\Binn\;C:\Program Files\Microsoft SQL Server\140\DTS\Binn\;C:\Program Files (x86)\Microsoft SQL Server\Client SDK\ODBC\130\Tools\Binn\;C:\Program Files (x86)\Microsoft SQL Server\140\DTS\Binn\;C:\Program Files (x86)\Microsoft SQL Server\140\Tools\Binn\ManagementStudio\;C:\Program Files\Git\cmd;C:\Program Files\nodejs\;C:\Users\LaVanDuc\AppData\Local\Microsoft\WindowsApps;C:\Users\LaVanDuc\AppData\Roaming\npm
USERNAME=LaVanDuc
OS=Windows_NT
PROCESSOR_IDENTIFIER=Intel64 Family 6 Model 61 Stepping 4, GenuineIntel



---------------  S Y S T E M  ---------------

OS: Windows 10.0 , 64 bit Build 16299 (10.0.16299.15)

CPU:total 4 (2 cores per cpu, 2 threads per core) family 6 model 61 stepping 4, cmov, cx8, fxsr, mmx, sse, sse2, sse3, ssse3, sse4.1, sse4.2, popcnt, avx, avx2, aes, clmul, erms, 3dnowpref, lzcnt, ht, tsc, tscinvbit, bmi1, bmi2, adx

Memory: 4k page, physical 8296948k(659480k free), swap 12491252k(5772k free)

vm_info: OpenJDK 64-Bit Server VM (25.112-b06) for windows-amd64 JRE (1.8.0_112-release-b06), built on Dec  8 2016 00:54:26 by "builder" with MS VC++ 10.0 (VS2010)

time: Wed Apr 11 00:14:51 2018
elapsed time: 8 seconds (0d 0h 0m 8s)

